#
# There is insufficient memory for the Java Runtime Environment to continue.
# Native memory allocation (malloc) failed to allocate 82496 bytes for Chunk::new
# Possible reasons:
#   The system is out of physical RAM or swap space
#   In 32 bit mode, the process size limit was hit
# Possible solutions:
#   Reduce memory load on the system
#   Increase physical memory or swap space
#   Check if swap backing store is full
#   Use 64 bit Java on a 64 bit OS
#   Decrease Java heap size (-Xmx/-Xms)
#   Decrease number of Java threads
#   Decrease Java thread stack sizes (-Xss)
#   Set larger code cache with -XX:ReservedCodeCacheSize=
# This output file may be truncated or incomplete.
#
#  Out of Memory Error (allocation.cpp:390), pid=9612, tid=0x0000000000004ff8
#
# JRE version: Java(TM) SE Runtime Environment (8.0_111-b14) (build 1.8.0_111-b14)
# Java VM: Java HotSpot(TM) 64-Bit Server VM (25.111-b14 mixed mode windows-amd64 compressed oops)
# Failed to write core dump. Minidumps are not enabled by default on client versions of Windows
#

---------------  T H R E A D  ---------------

Current thread (0x00000000208e2800):  JavaThread "C2 CompilerThread1" daemon [_thread_in_native, id=20472, stack(0x00000000211a0000,0x00000000212a0000)]

Stack: [0x00000000211a0000,0x00000000212a0000]
[error occurred during error reporting (printing stack bounds), id 0xc0000005]

Native frames: (J=compiled Java code, j=interpreted, Vv=VM code, C=native code)


Current CompileTask:
C2:    289  245       4       java.lang.String::replace (127 bytes)


---------------  P R O C E S S  ---------------

Java Threads: ( => current thread )
  0x0000000020971000 JavaThread "Service Thread" daemon [_thread_blocked, id=19684, stack(0x00000000214a0000,0x00000000215a0000)]
  0x00000000208eb800 JavaThread "C1 CompilerThread3" daemon [_thread_in_native, id=20352, stack(0x00000000213a0000,0x00000000214a0000)]
  0x00000000208e3000 JavaThread "C2 CompilerThread2" daemon [_thread_blocked, id=5160, stack(0x00000000212a0000,0x00000000213a0000)]
=>0x00000000208e2800 JavaThread "C2 CompilerThread1" daemon [_thread_in_native, id=20472, stack(0x00000000211a0000,0x00000000212a0000)]
  0x00000000208db800 JavaThread "C2 CompilerThread0" daemon [_thread_in_native, id=6000, stack(0x00000000210a0000,0x00000000211a0000)]
  0x00000000208da000 JavaThread "Attach Listener" daemon [_thread_blocked, id=19744, stack(0x0000000020fa0000,0x00000000210a0000)]
  0x00000000208d9000 JavaThread "Signal Dispatcher" daemon [_thread_blocked, id=18332, stack(0x0000000020ea0000,0x0000000020fa0000)]
  0x00000000208d0800 JavaThread "Finalizer" daemon [_thread_blocked, id=1060, stack(0x0000000020cb0000,0x0000000020db0000)]
  0x0000000004f86000 JavaThread "Reference Handler" daemon [_thread_blocked, id=11648, stack(0x00000000207b0000,0x00000000208b0000)]
  0x0000000004e92800 JavaThread "main" [_thread_in_vm_trans, id=5168, stack(0x0000000004d90000,0x0000000004e90000)]

Other Threads:
  0x000000001e9c9800 VMThread [stack: 0x00000000206b0000,0x00000000207b0000] [id=16196]
  0x0000000020984800 WatcherThread [stack: 0x00000000215a0000,0x00000000216a0000] [id=11220]

VM state:not at safepoint (normal execution)

VM Mutex/Monitor currently owned by a thread: None

Heap:
 PSYoungGen      total 76288K, used 36125K [0x000000076b300000, 0x0000000770800000, 0x00000007c0000000)
  eden space 65536K, 55% used [0x000000076b300000,0x000000076d6476d8,0x000000076f300000)
  from space 10752K, 0% used [0x000000076fd80000,0x000000076fd80000,0x0000000770800000)
  to   space 10752K, 0% used [0x000000076f300000,0x000000076f300000,0x000000076fd80000)
 ParOldGen       total 175104K, used 0K [0x00000006c1800000, 0x00000006cc300000, 0x000000076b300000)
  object space 175104K, 0% used [0x00000006c1800000,0x00000006c1800000,0x00000006cc300000)
 Metaspace       used 4671K, capacity 5356K, committed 5504K, reserved 1058816K
  class space    used 523K, capacity 571K, committed 640K, reserved 1048576K

Card table byte_map: [0x0000000014350000,0x0000000014b50000] byte_map_base: 0x0000000010d44000

Marking Bits: (ParMarkBitMap*) 0x0000000050f5a6c0
 Begin Bits: [0x00000000158a0000, 0x0000000019840000)
 End Bits:   [0x0000000019840000, 0x000000001d7e0000)

Polling page: 0x0000000004ce0000

CodeCache: size=245760Kb used=1689Kb max_used=1689Kb free=244070Kb
 bounds [0x0000000004f90000, 0x0000000005200000, 0x0000000013f90000]
 total_blobs=556 nmethods=295 adapters=174
 compilation: enabled

Compilation events (10 events):
Event: 0.286 Thread 0x00000000208eb800 nmethod 263 0x000000000512d390 code [0x000000000512d4e0, 0x000000000512d5f0]
Event: 0.286 Thread 0x00000000208eb800  266       3       jdk.internal.org.objectweb.asm.ByteVector::put12 (64 bytes)
Event: 0.286 Thread 0x00000000208eb800 nmethod 266 0x000000000512ce10 code [0x000000000512cf80, 0x000000000512d208]
Event: 0.286 Thread 0x00000000208eb800  268       3       java.util.concurrent.ConcurrentHashMap::get (162 bytes)
Event: 0.287 Thread 0x00000000208eb800 nmethod 268 0x0000000005132090 code [0x00000000051322a0, 0x0000000005132e38]
Event: 0.287 Thread 0x00000000208eb800  270       3       java.lang.invoke.MethodType::checkPtype (19 bytes)
Event: 0.287 Thread 0x00000000208eb800 nmethod 270 0x0000000005133290 code [0x0000000005133420, 0x00000000051337f8]
Event: 0.287 Thread 0x00000000208eb800  272       1       java.lang.invoke.LambdaForm$Name::index (5 bytes)
Event: 0.287 Thread 0x00000000208eb800 nmethod 272 0x000000000512c350 code [0x000000000512c4a0, 0x000000000512c5b0]
Event: 0.287 Thread 0x00000000208eb800  267       1       java.lang.invoke.MethodType::ptypes (5 bytes)

GC Heap History (0 events):
No events

Deoptimization events (0 events):
No events

Internal exceptions (6 events):
Event: 0.035 Thread 0x0000000004e92800 Exception <a 'java/lang/NoSuchMethodError': Method sun.misc.Unsafe.defineClass(Ljava/lang/String;[BII)Ljava/lang/Class; name or signature does not match> (0x000000076b307c78) thrown at [C:\re\workspace\8-2-build-windows-amd64-cygwin\jdk8u111\7883\hotspot\
Event: 0.035 Thread 0x0000000004e92800 Exception <a 'java/lang/NoSuchMethodError': Method sun.misc.Unsafe.prefetchRead(Ljava/lang/Object;J)V name or signature does not match> (0x000000076b307f60) thrown at [C:\re\workspace\8-2-build-windows-amd64-cygwin\jdk8u111\7883\hotspot\src\share\vm\prims
Event: 0.219 Thread 0x0000000004e92800 Exception <a 'java/security/PrivilegedActionException'> (0x000000076d2bbc30) thrown at [C:\re\workspace\8-2-build-windows-amd64-cygwin\jdk8u111\7883\hotspot\src\share\vm\prims\jvm.cpp, line 1386]
Event: 0.219 Thread 0x0000000004e92800 Exception <a 'java/security/PrivilegedActionException'> (0x000000076d2bbe40) thrown at [C:\re\workspace\8-2-build-windows-amd64-cygwin\jdk8u111\7883\hotspot\src\share\vm\prims\jvm.cpp, line 1386]
Event: 0.220 Thread 0x0000000004e92800 Exception <a 'java/security/PrivilegedActionException'> (0x000000076d2bfc70) thrown at [C:\re\workspace\8-2-build-windows-amd64-cygwin\jdk8u111\7883\hotspot\src\share\vm\prims\jvm.cpp, line 1386]
Event: 0.220 Thread 0x0000000004e92800 Exception <a 'java/security/PrivilegedActionException'> (0x000000076d2bfe80) thrown at [C:\re\workspace\8-2-build-windows-amd64-cygwin\jdk8u111\7883\hotspot\src\share\vm\prims\jvm.cpp, line 1386]

Events (10 events):
Event: 0.283 loading class java/lang/invoke/MethodHandleImpl$AsVarargsCollector
Event: 0.283 loading class java/lang/invoke/DelegatingMethodHandle
Event: 0.283 loading class java/lang/invoke/DelegatingMethodHandle done
Event: 0.283 loading class java/lang/invoke/MethodHandleImpl$AsVarargsCollector done
Event: 0.284 loading class java/lang/invoke/WrongMethodTypeException
Event: 0.284 loading class java/lang/invoke/WrongMethodTypeException done
Event: 0.285 loading class java/lang/invoke/MethodHandleImpl$Lazy
Event: 0.285 loading class java/lang/invoke/MethodHandleImpl$Lazy done
Event: 0.285 loading class java/lang/invoke/MethodHandleImpl$IntrinsicMethodHandle
Event: 0.285 loading class java/lang/invoke/MethodHandleImpl$IntrinsicMethodHandle done


Dynamic libraries:
0x00007ff6f5bb0000 - 0x00007ff6f5be7000 	C:\Program Files\Java\jre1.8.0_111\bin\javaw.exe
0x00007fffb0f00000 - 0x00007fffb10e0000 	C:\WINDOWS\SYSTEM32\ntdll.dll
0x00007fffb06d0000 - 0x00007fffb077e000 	C:\WINDOWS\System32\KERNEL32.DLL
0x00007fffae0e0000 - 0x00007fffae346000 	C:\WINDOWS\System32\KERNELBASE.dll
0x00007fffb0a40000 - 0x00007fffb0ae1000 	C:\WINDOWS\System32\ADVAPI32.dll
0x00007fffaf1f0000 - 0x00007fffaf28d000 	C:\WINDOWS\System32\msvcrt.dll
0x00007fffae920000 - 0x00007fffae97b000 	C:\WINDOWS\System32\sechost.dll
0x00007fffb0780000 - 0x00007fffb089f000 	C:\WINDOWS\System32\RPCRT4.dll
0x00007fffae540000 - 0x00007fffae6cf000 	C:\WINDOWS\System32\USER32.dll
0x00007fffadf20000 - 0x00007fffadf40000 	C:\WINDOWS\System32\win32u.dll
0x00007fffb0900000 - 0x00007fffb0928000 	C:\WINDOWS\System32\GDI32.dll
0x00007fffadf40000 - 0x00007fffae0d3000 	C:\WINDOWS\System32\gdi32full.dll
0x00007fffaddd0000 - 0x00007fffade6b000 	C:\WINDOWS\System32\msvcp_win.dll
0x00007fffad3b0000 - 0x00007fffad4a6000 	C:\WINDOWS\System32\ucrtbase.dll
0x00007fffa30d0000 - 0x00007fffa3339000 	C:\WINDOWS\WinSxS\amd64_microsoft.windows.common-controls_6595b64144ccf1df_6.0.16299.125_none_15cbcf8893620c09\COMCTL32.dll
0x00007fffb0bc0000 - 0x00007fffb0ec8000 	C:\WINDOWS\System32\combase.dll
0x00007fffae350000 - 0x00007fffae3c2000 	C:\WINDOWS\System32\bcryptPrimitives.dll
0x00007fffae8f0000 - 0x00007fffae91d000 	C:\WINDOWS\System32\IMM32.DLL
0x0000000050fe0000 - 0x00000000510b2000 	C:\Program Files\Java\jre1.8.0_111\bin\msvcr100.dll
0x0000000050740000 - 0x0000000050fda000 	C:\Program Files\Java\jre1.8.0_111\bin\server\jvm.dll
0x00007fffaefa0000 - 0x00007fffaefa8000 	C:\WINDOWS\System32\PSAPI.DLL
0x00007fffabf00000 - 0x00007fffabf09000 	C:\WINDOWS\SYSTEM32\WSOCK32.dll
0x00007fffa9f70000 - 0x00007fffa9f93000 	C:\WINDOWS\SYSTEM32\WINMM.dll
0x00007fffa4cb0000 - 0x00007fffa4cba000 	C:\WINDOWS\SYSTEM32\VERSION.dll
0x00007fffae990000 - 0x00007fffae9fc000 	C:\WINDOWS\System32\WS2_32.dll
0x00007fffa9f10000 - 0x00007fffa9f3a000 	C:\WINDOWS\SYSTEM32\WINMMBASE.dll
0x00007fffad300000 - 0x00007fffad34a000 	C:\WINDOWS\System32\cfgmgr32.dll
0x0000000050730000 - 0x000000005073f000 	C:\Program Files\Java\jre1.8.0_111\bin\verify.dll
0x0000000050700000 - 0x0000000050729000 	C:\Program Files\Java\jre1.8.0_111\bin\java.dll
0x00000000506e0000 - 0x00000000506f6000 	C:\Program Files\Java\jre1.8.0_111\bin\zip.dll
0x00007fffaf290000 - 0x00007fffb06c6000 	C:\WINDOWS\System32\SHELL32.dll
0x00007fffae840000 - 0x00007fffae8e6000 	C:\WINDOWS\System32\shcore.dll
0x00007fffad4b0000 - 0x00007fffadbf7000 	C:\WINDOWS\System32\windows.storage.dll
0x00007fffae4e0000 - 0x00007fffae531000 	C:\WINDOWS\System32\shlwapi.dll
0x00007fffad2e0000 - 0x00007fffad2f1000 	C:\WINDOWS\System32\kernel.appcore.dll
0x00007fffad250000 - 0x00007fffad29c000 	C:\WINDOWS\System32\powrprof.dll
0x00007fffad2a0000 - 0x00007fffad2bb000 	C:\WINDOWS\System32\profapi.dll

VM Arguments:
jvm_args: -Dfile.encoding=Cp1252 
java_command: demoapp.hibernate
java_class_path (initial): C:\Program Files\Java\jre1.8.0_111\lib\resources.jar;C:\Program Files\Java\jre1.8.0_111\lib\rt.jar;C:\Program Files\Java\jre1.8.0_111\lib\jsse.jar;C:\Program Files\Java\jre1.8.0_111\lib\jce.jar;C:\Program Files\Java\jre1.8.0_111\lib\charsets.jar;C:\Program Files\Java\jre1.8.0_111\lib\jfr.jar;C:\Program Files\Java\jre1.8.0_111\lib\ext\access-bridge-64.jar;C:\Program Files\Java\jre1.8.0_111\lib\ext\cldrdata.jar;C:\Program Files\Java\jre1.8.0_111\lib\ext\dnsns.jar;C:\Program Files\Java\jre1.8.0_111\lib\ext\jaccess.jar;C:\Program Files\Java\jre1.8.0_111\lib\ext\jfxrt.jar;C:\Program Files\Java\jre1.8.0_111\lib\ext\localedata.jar;C:\Program Files\Java\jre1.8.0_111\lib\ext\nashorn.jar;C:\Program Files\Java\jre1.8.0_111\lib\ext\sunec.jar;C:\Program Files\Java\jre1.8.0_111\lib\ext\sunjce_provider.jar;C:\Program Files\Java\jre1.8.0_111\lib\ext\sunmscapi.jar;C:\Program Files\Java\jre1.8.0_111\lib\ext\sunpkcs11.jar;C:\Program Files\Java\jre1.8.0_111\lib\ext\zipfs.jar;D:\workspace\demoapp\target\classes;D:\Program Files\Apache Software Foundation\Tomcat 8.5\lib\annotations-api.jar;D:\Program Files\Apache Software Foundation\Tomcat 8.5\lib\catalina-ant.jar;D:\Program Files\Apache Software Foundation\Tomcat 8.5\lib\catalina-ha.jar;D:\Program Files\Apache Software Foundation\Tomcat 8.5\lib\catalina-storeconfig.jar;D:\Program Files\Apache Software Foundation\Tomcat 8.5\lib\catalina-tribes.jar;D:\Program Files\Apache Software Foundation\Tomcat 8.5\lib\catalina.jar;D:\Program Files\Apache Software Foundation\Tomcat 8.5\lib\ecj-4.6.3.jar;D:\Program Files\Apache Software Foundation\Tomcat 8.5\lib\el-api.jar;D:\Program Files\Apache Software Foundation\Tomcat 8.5\lib\jasper-el.jar;D:\Program Files\Apache Software Foundation\Tomcat 8.5\lib\jasper.jar;D:\Program Files\Apache Software Foundation\Tomcat 8.5\lib\jaspic-api.jar;D:\Program Files\Apache Software Foundation\Tomcat 8.5\lib\jsp-api.jar;D:\Program Files\Apache Software Foundation\Tomcat 8.5\lib\servlet-ap
Launcher Type: SUN_STANDARD

Environment Variables:
JAVA_HOME=D:\Program Files\Java\jdk-9.0.4
PATH=D:/Program Files/Java/jdk-9.0.4/bin/server;D:/Program Files/Java/jdk-9.0.4/bin;C:\Program Files\Intel\iCLS Client\;C:\Windows\system32;C:\Windows;C:\Windows\System32\Wbem;C:\Windows\System32\WindowsPowerShell\v1.0\;C:\Program Files (x86)\Intel\Intel(R) Management Engine Components\DAL;C:\Program Files\Intel\Intel(R) Management Engine Components\DAL;C:\Program Files (x86)\Intel\Intel(R) Management Engine Components\IPT;C:\Program Files\Intel\Intel(R) Management Engine Components\IPT;C:\Program Files (x86)\NVIDIA Corporation\PhysX\Common;C:\WINDOWS\system32;C:\WINDOWS;C:\WINDOWS\System32\Wbem;C:\WINDOWS\System32\WindowsPowerShell\v1.0\;C:\Program Files\nodejs\;C:\Program Files\Git\cmd;D:\Python\Python35-32;D:\Python\Python35-32\Scripts;C:\Program Files (x86)\Skype\Phone\;D:\maven\apache-maven-3.5.2\bin;D:\Program Files\Java\jdk-9.0.4\bin;D:\apache-maven-3.5.2\bin;C:\Program Files\Microsoft SQL Server\Client SDK\ODBC\130\Tools\Binn\;C:\Program Files (x86)\Microsoft SQL Server\140\Tools\Binn\;C:\Program Files\Microsoft SQL Server\140\Tools\Binn\;C:\Program Files\Microsoft SQL Server\140\DTS\Binn\;C:\Program Files (x86)\Microsoft SQL Server\Client SDK\ODBC\130\Tools\Binn\;C:\Program Files (x86)\Microsoft SQL Server\140\DTS\Binn\;C:\Program Files (x86)\Microsoft SQL Server\140\Tools\Binn\ManagementStudio\;C:\Users\Yang Qing\AppData\Roaming\npm;%USERPROFILE%\AppData\Local\Microsoft\WindowsApps;;D:\eclipse;
USERNAME=Yang Qing
OS=Windows_NT
PROCESSOR_IDENTIFIER=Intel64 Family 6 Model 94 Stepping 3, GenuineIntel



---------------  S Y S T E M  ---------------

OS: Windows 10.0 , 64 bit Build 16299 (10.0.16299.15)

CPU:total 8 (4 cores per cpu, 2 threads per core) family 6 model 94 stepping 3, cmov, cx8, fxsr, mmx, sse, sse2, sse3, ssse3, sse4.1, sse4.2, popcnt, avx, avx2, aes, clmul, erms, rtm, 3dnowpref, lzcnt, ht, tsc, tscinvbit, bmi1, bmi2, adx

Memory: 4k page, physical 16674240k(1997640k free), swap 30593468k(708k free)

vm_info: Java HotSpot(TM) 64-Bit Server VM (25.111-b14) for windows-amd64 JRE (1.8.0_111-b14), built on Sep 22 2016 19:24:05 by "java_re" with MS VC++ 10.0 (VS2010)

time: Tue Feb 27 08:27:39 2018
elapsed time: 0 seconds (0d 0h 0m 0s)

